<?xml version="1.0" encoding="UTF-8"?>
<testsuite name="ru.netology.gorodnichevilya.service.OperationHistoryApiApplicationTest" tests="1" skipped="0" failures="0" errors="0" timestamp="2023-12-25T18:25:41" hostname="DESKTOP-740MO85" time="0.002">
  <properties/>
  <testcase name="contextLoads()" classname="ru.netology.gorodnichevilya.service.OperationHistoryApiApplicationTest" time="0.002"/>
  <system-out><![CDATA[2023-12-25T23:25:41.468+05:00  INFO 2820 --- [    Test worker] t.c.s.AnnotationConfigContextLoaderUtils : Could not detect default configuration classes for test class [ru.netology.gorodnichevilya.service.OperationHistoryApiApplicationTest]: OperationHistoryApiApplicationTest does not declare any static, non-private, non-final, nested classes annotated with @Configuration.
2023-12-25T23:25:41.471+05:00  INFO 2820 --- [    Test worker] .b.t.c.SpringBootTestContextBootstrapper : Found @SpringBootConfiguration ru.netology.gorodnichevilya.OperationHistoryApiApplication for test class ru.netology.gorodnichevilya.service.OperationHistoryApiApplicationTest
]]></system-out>
  <system-err><![CDATA[]]></system-err>
</testsuite>
