<?xml version="1.0" encoding="UTF-8"?>
<testsuite name="ru.netology.gorodnichevilya.service.CustomerControllerTest" tests="2" skipped="0" failures="0" errors="0" timestamp="2023-12-25T18:25:35" hostname="DESKTOP-740MO85" time="1.155">
  <properties/>
  <testcase name="contextLoads()" classname="ru.netology.gorodnichevilya.service.CustomerControllerTest" time="0.941"/>
  <testcase name="assertThatControllerWorksRight()" classname="ru.netology.gorodnichevilya.service.CustomerControllerTest" time="0.212"/>
  <system-out><![CDATA[23:25:33.477 [Test worker] INFO org.springframework.test.context.support.AnnotationConfigContextLoaderUtils -- Could not detect default configuration classes for test class [ru.netology.gorodnichevilya.service.CustomerControllerTest]: CustomerControllerTest does not declare any static, non-private, non-final, nested classes annotated with @Configuration.
23:25:33.640 [Test worker] INFO org.springframework.boot.test.context.SpringBootTestContextBootstrapper -- Found @SpringBootConfiguration ru.netology.gorodnichevilya.OperationHistoryApiApplication for test class ru.netology.gorodnichevilya.service.CustomerControllerTest

  .   ____          _            __ _ _
 /\\ / ___'_ __ _ _(_)_ __  __ _ \ \ \ \
( ( )\___ | '_ | '_| | '_ \/ _` | \ \ \ \
 \\/  ___)| |_)| | | | | || (_| |  ) ) ) )
  '  |____| .__|_| |_|_| |_\__, | / / / /
 =========|_|==============|___/=/_/_/_/
 :: Spring Boot ::                (v3.1.6)

2023-12-25T23:25:34.142+05:00  INFO 2820 --- [    Test worker] r.n.g.service.CustomerControllerTest     : Starting CustomerControllerTest using Java 17.0.9 with PID 2820 (started by xxx in C:\Users\xxx\OneDrive\Desktop\Netology)
2023-12-25T23:25:34.144+05:00  INFO 2820 --- [    Test worker] r.n.g.service.CustomerControllerTest     : No active profile set, falling back to 1 default profile: "default"
No operation
Вызван init AccountService
2023-12-25T23:25:35.769+05:00  INFO 2820 --- [    Test worker] o.s.b.t.m.w.SpringBootMockServletContext : Initializing Spring TestDispatcherServlet ''
2023-12-25T23:25:35.769+05:00  INFO 2820 --- [    Test worker] o.s.t.web.servlet.TestDispatcherServlet  : Initializing Servlet ''
2023-12-25T23:25:35.772+05:00  INFO 2820 --- [    Test worker] o.s.t.web.servlet.TestDispatcherServlet  : Completed initialization in 1 ms
2023-12-25T23:25:35.799+05:00  INFO 2820 --- [    Test worker] r.n.g.service.CustomerControllerTest     : Started CustomerControllerTest in 1.981 seconds (process running for 3.598)
]]></system-out>
  <system-err><![CDATA[]]></system-err>
</testsuite>
