<?xml version="1.0" encoding="UTF-8"?>
<testsuite name="ru.netology.gorodnichevilya.service.CustomerServiceTest" tests="2" skipped="0" failures="0" errors="0" timestamp="2023-12-25T18:25:37" hostname="DESKTOP-740MO85" time="0.017">
  <properties/>
  <testcase name="contextLoads()" classname="ru.netology.gorodnichevilya.service.CustomerServiceTest" time="0.005"/>
  <testcase name="getCustomerTest()" classname="ru.netology.gorodnichevilya.service.CustomerServiceTest" time="0.011"/>
  <system-out><![CDATA[2023-12-25T23:25:36.976+05:00  INFO 2820 --- [    Test worker] t.c.s.AnnotationConfigContextLoaderUtils : Could not detect default configuration classes for test class [ru.netology.gorodnichevilya.service.CustomerServiceTest]: CustomerServiceTest does not declare any static, non-private, non-final, nested classes annotated with @Configuration.
2023-12-25T23:25:36.979+05:00  INFO 2820 --- [    Test worker] .b.t.c.SpringBootTestContextBootstrapper : Found @SpringBootConfiguration ru.netology.gorodnichevilya.OperationHistoryApiApplication for test class ru.netology.gorodnichevilya.service.CustomerServiceTest

  .   ____          _            __ _ _
 /\\ / ___'_ __ _ _(_)_ __  __ _ \ \ \ \
( ( )\___ | '_ | '_| | '_ \/ _` | \ \ \ \
 \\/  ___)| |_)| | | | | || (_| |  ) ) ) )
  '  |____| .__|_| |_|_| |_\__, | / / / /
 =========|_|==============|___/=/_/_/_/
 :: Spring Boot ::                (v3.1.6)

2023-12-25T23:25:37.008+05:00  INFO 2820 --- [    Test worker] r.n.g.service.CustomerServiceTest        : Starting CustomerServiceTest using Java 17.0.9 with PID 2820 (started by xxx in C:\Users\xxx\OneDrive\Desktop\Netology)
2023-12-25T23:25:37.008+05:00  INFO 2820 --- [    Test worker] r.n.g.service.CustomerServiceTest        : No active profile set, falling back to 1 default profile: "default"
No operation
Вызван init AccountService
No operation
2023-12-25T23:25:37.329+05:00  INFO 2820 --- [    Test worker] r.n.g.service.CustomerServiceTest        : Started CustomerServiceTest in 0.345 seconds (process running for 5.129)
]]></system-out>
  <system-err><![CDATA[]]></system-err>
</testsuite>
