<?xml version="1.0" encoding="UTF-8"?>
<testsuite name="ru.netology.gorodnichevilya.service.OperationControllerTest" tests="2" skipped="0" failures="0" errors="0" timestamp="2023-12-25T18:25:37" hostname="DESKTOP-740MO85" time="4.102">
  <properties/>
  <testcase name="contextLoads()" classname="ru.netology.gorodnichevilya.service.OperationControllerTest" time="0.002"/>
  <testcase name="getOperationTest()" classname="ru.netology.gorodnichevilya.service.OperationControllerTest" time="4.098"/>
  <system-out><![CDATA[2023-12-25T23:25:37.355+05:00  INFO 2820 --- [    Test worker] t.c.s.AnnotationConfigContextLoaderUtils : Could not detect default configuration classes for test class [ru.netology.gorodnichevilya.service.OperationControllerTest]: OperationControllerTest does not declare any static, non-private, non-final, nested classes annotated with @Configuration.
2023-12-25T23:25:37.359+05:00  INFO 2820 --- [    Test worker] .b.t.c.SpringBootTestContextBootstrapper : Found @SpringBootConfiguration ru.netology.gorodnichevilya.OperationHistoryApiApplication for test class ru.netology.gorodnichevilya.service.OperationControllerTest
Operation add processing Operation(id=1, sum=100, currency=EUR, merchant=Coffee, customerId=2)
No operation
Processing operation Operation(id=1, sum=100, currency=EUR, merchant=Coffee, customerId=2)
No operation
No operation
No operation
]]></system-out>
  <system-err><![CDATA[]]></system-err>
</testsuite>
