<?xml version="1.0" encoding="UTF-8"?>
<testsuite name="ru.netology.gorodnichevilya.service.StatementServiceTest" tests="2" skipped="0" failures="0" errors="0" timestamp="2023-12-25T18:25:41" hostname="DESKTOP-740MO85" time="0.008">
  <properties/>
  <testcase name="contextLoads()" classname="ru.netology.gorodnichevilya.service.StatementServiceTest" time="0.002"/>
  <testcase name="getStatementServiceTest()" classname="ru.netology.gorodnichevilya.service.StatementServiceTest" time="0.004"/>
  <system-out><![CDATA[2023-12-25T23:25:41.481+05:00  INFO 2820 --- [    Test worker] t.c.s.AnnotationConfigContextLoaderUtils : Could not detect default configuration classes for test class [ru.netology.gorodnichevilya.service.StatementServiceTest]: StatementServiceTest does not declare any static, non-private, non-final, nested classes annotated with @Configuration.
2023-12-25T23:25:41.483+05:00  INFO 2820 --- [    Test worker] .b.t.c.SpringBootTestContextBootstrapper : Found @SpringBootConfiguration ru.netology.gorodnichevilya.OperationHistoryApiApplication for test class ru.netology.gorodnichevilya.service.StatementServiceTest
]]></system-out>
  <system-err><![CDATA[]]></system-err>
</testsuite>
